11/02/2020 10:22:35 PM - TestBuyTablet - INFO: Buy Tablet test started.
11/02/2020 10:22:37 PM - TestBuyTablet - INFO: 2. Log In, Enter the userID.
11/02/2020 10:22:38 PM - TestBuyTablet - INFO: 2. Log In, Enter password.
11/02/2020 10:22:39 PM - TestBuyTablet - INFO: 2. Click Log In button.
11/02/2020 10:22:41 PM - TestBuyTablet - INFO: 2. Verified UserID.
11/02/2020 10:22:42 PM - TestBuyTablet - INFO: 3. Select Tablets.
11/02/2020 10:22:43 PM - TestBuyTablet - INFO: 4. Select first item
11/02/2020 10:22:44 PM - TestBuyTablet - INFO: 5. Click Add to Cart.
11/02/2020 10:22:45 PM - TestBuyTablet - INFO: 6. Click Shopping Cart.
11/02/2020 10:22:46 PM - TestBuyTablet - INFO: 7. Click Remove item.
11/02/2020 10:22:47 PM - TestBuyTablet - INFO: 8. Click 'Continue Shopping'.
11/02/2020 10:22:51 PM - TestBuyTablet - INFO: 9. Log out.
11/02/2020 10:22:51 PM - TestBuyTablet - INFO: Buy Tablet test completed.
11/02/2020 10:22:59 PM - TestLogin - INFO: Log In test started.
11/02/2020 10:23:01 PM - TestLogin - INFO: 2. Log In, Enter the userID.
11/02/2020 10:23:02 PM - TestLogin - INFO: 2. Log In, Enter password.
11/02/2020 10:23:03 PM - TestLogin - INFO: 2. Click Log In button.
11/02/2020 10:23:04 PM - TestLogin - ERROR: Asserting Error occurred - JayJo74 != Jay
Traceback (most recent call last):
  File "D:\AutomationPracticeCom\tests\login_test.py", line 40, in test_login
    home.verify_userID("Jay")
  File "D:\AutomationPracticeCom\pages\homePage.py", line 43, in verify_userID
    bu.assert_element_text(self.driver, 10, self.userID_span, username)
  File "D:\AutomationPracticeCom\utilities\base_utils.py", line 35, in assert_element_text
    assert text == element_text, "Asserting Error occurred - {} != {}".format(text, element_text)
AssertionError: Asserting Error occurred - JayJo74 != Jay
